#
# There is insufficient memory for the Java Runtime Environment to continue.
# Native memory allocation (malloc) failed to allocate 32744 bytes for ChunkPool::allocate
# Possible reasons:
#   The system is out of physical RAM or swap space
#   The process is running with CompressedOops enabled, and the Java Heap may be blocking the growth of the native heap
# Possible solutions:
#   Reduce memory load on the system
#   Increase physical memory or swap space
#   Check if swap backing store is full
#   Decrease Java heap size (-Xmx/-Xms)
#   Decrease number of Java threads
#   Decrease Java thread stack sizes (-Xss)
#   Set larger code cache with -XX:ReservedCodeCacheSize=
#   JVM is running with Unscaled Compressed Oops mode in which the Java heap is
#     placed in the first 4GB address space. The Java Heap base address is the
#     maximum limit for the native heap growth. Please use -XX:HeapBaseMinAddress
#     to set the Java Heap base and to place the Java Heap above 4GB virtual address.
# This output file may be truncated or incomplete.
#
#  Out of Memory Error (allocation.cpp:272), pid=2728, tid=0x0000000000000558
#
# JRE version: Java(TM) SE Runtime Environment (8.0_301-b09) (build 1.8.0_301-b09)
# Java VM: Java HotSpot(TM) 64-Bit Server VM (25.301-b09 mixed mode windows-amd64 compressed oops)
# Failed to write core dump. Minidumps are not enabled by default on client versions of Windows
#

---------------  T H R E A D  ---------------

Current thread (0x000001f1fd65a000):  JavaThread "C1 CompilerThread2" daemon [_thread_in_native, id=1368, stack(0x0000008281400000,0x0000008281500000)]

Stack: [0x0000008281400000,0x0000008281500000]
Native frames: (J=compiled Java code, j=interpreted, Vv=VM code, C=native code)
V  [jvm.dll+0x32ed79]
V  [jvm.dll+0x275722]
V  [jvm.dll+0x2763cd]
V  [jvm.dll+0x26ce05]
V  [jvm.dll+0xd59bd]
V  [jvm.dll+0xd5d1c]
V  [jvm.dll+0x3fbe26]
V  [jvm.dll+0x3fa755]
V  [jvm.dll+0x3fa9fa]
V  [jvm.dll+0x3fd7d4]
V  [jvm.dll+0x3e0e3f]
V  [jvm.dll+0x3e06ad]
V  [jvm.dll+0x3e088e]
V  [jvm.dll+0x3dffe1]
V  [jvm.dll+0x3e1a1f]
V  [jvm.dll+0xac1bb]
V  [jvm.dll+0xaa81b]
V  [jvm.dll+0x23ddc2]
V  [jvm.dll+0x2923dc]
C  [ucrtbase.dll+0x210b2]
C  [KERNEL32.DLL+0x17c24]
C  [ntdll.dll+0x6d721]


Current CompileTask:
C1:  26488  314       3       jdk.internal.org.objectweb.asm.Frame::execute (2252 bytes)


---------------  P R O C E S S  ---------------

Java Threads: ( => current thread )
  0x000001f1fe55f800 JavaThread "mysql-cj-abandoned-connection-cleanup" daemon [_thread_blocked, id=14916, stack(0x0000008281700000,0x0000008281800000)]
  0x000001f1fd65b800 JavaThread "Service Thread" daemon [_thread_blocked, id=9888, stack(0x0000008281500000,0x0000008281600000)]
=>0x000001f1fd65a000 JavaThread "C1 CompilerThread2" daemon [_thread_in_native, id=1368, stack(0x0000008281400000,0x0000008281500000)]
  0x000001f1fd651000 JavaThread "C2 CompilerThread1" daemon [_thread_blocked, id=15436, stack(0x0000008281300000,0x0000008281400000)]
  0x000001f1fd5f7000 JavaThread "C2 CompilerThread0" daemon [_thread_in_native, id=14120, stack(0x0000008281200000,0x0000008281300000)]
  0x000001f1fd5f5000 JavaThread "Attach Listener" daemon [_thread_blocked, id=10344, stack(0x0000008281100000,0x0000008281200000)]
  0x000001f1fd5f4000 JavaThread "Signal Dispatcher" daemon [_thread_blocked, id=14580, stack(0x0000008281000000,0x0000008281100000)]
  0x000001f1fcea5000 JavaThread "Finalizer" daemon [_thread_blocked, id=13992, stack(0x0000008280f00000,0x0000008281000000)]
  0x000001f1fd5d6000 JavaThread "Reference Handler" daemon [_thread_blocked, id=1284, stack(0x0000008280e00000,0x0000008280f00000)]
  0x000001f1f82b4000 JavaThread "main" [_thread_in_Java, id=6044, stack(0x0000008280800000,0x0000008280900000)]

Other Threads:
  0x000001f1fd5b2000 VMThread [stack: 0x0000008280d00000,0x0000008280e00000] [id=15968]
  0x000001f1fd65e800 WatcherThread [stack: 0x0000008281600000,0x0000008281700000] [id=12536]

VM state:not at safepoint (normal execution)

VM Mutex/Monitor currently owned by a thread: None

heap address: 0x00000000c0400000, size: 1020 MB, Compressed Oops mode: 32-bit
Narrow klass base: 0x0000000000000000, Narrow klass shift: 3
Compressed class space size: 1073741824 Address: 0x0000000100000000

Heap:
 PSYoungGen      total 18944K, used 16045K [0x00000000eac00000, 0x00000000ec100000, 0x0000000100000000)
  eden space 16384K, 97% used [0x00000000eac00000,0x00000000ebbab768,0x00000000ebc00000)
  from space 2560K, 0% used [0x00000000ebc00000,0x00000000ebc00000,0x00000000ebe80000)
  to   space 2560K, 0% used [0x00000000ebe80000,0x00000000ebe80000,0x00000000ec100000)
 ParOldGen       total 17920K, used 1297K [0x00000000c0400000, 0x00000000c1580000, 0x00000000eac00000)
  object space 17920K, 7% used [0x00000000c0400000,0x00000000c0544440,0x00000000c1580000)
 Metaspace       used 11098K, capacity 11408K, committed 11648K, reserved 1062912K
  class space    used 1264K, capacity 1341K, committed 1408K, reserved 1048576K

Card table byte_map: [0x000001f1fa070000,0x000001f1fa270000] byte_map_base: 0x000001f1f9a6e000

Marking Bits: (ParMarkBitMap*) 0x000000006a0e7fe0
 Begin Bits: [0x000001f1fa3d0000, 0x000001f1fb3c0000)
 End Bits:   [0x000001f1fb3c0000, 0x000001f1fc3b0000)

Polling page: 0x000001f1f8450000

CodeCache: size=245760Kb used=1836Kb max_used=1848Kb free=243923Kb
 bounds [0x000001f180000000, 0x000001f180270000, 0x000001f18f000000]
 total_blobs=764 nmethods=374 adapters=303
 compilation: enabled

Compilation events (10 events):
Event: 25.404 Thread 0x000001f1fd65a000  309       3       java.lang.invoke.MemberName::getInvocationType (56 bytes)
Event: 25.405 Thread 0x000001f1fd65a000 nmethod 309 0x000001f1801a5f90 code [0x000001f1801a6180, 0x000001f1801a6d90]
Event: 25.405 Thread 0x000001f1fd65a000  310       3       jdk.internal.org.objectweb.asm.Type::getArgumentsAndReturnSizes (151 bytes)
Event: 25.407 Thread 0x000001f1fd65a000 nmethod 310 0x000001f1801a7390 code [0x000001f1801a75c0, 0x000001f1801a8360]
Event: 25.407 Thread 0x000001f1fd65a000  311       3       java.lang.invoke.InvokerBytecodeGenerator::isStaticallyNameable (116 bytes)
Event: 25.410 Thread 0x000001f1fd65a000 nmethod 311 0x000001f1801a8d10 code [0x000001f1801a9080, 0x000001f1801ab160]
Event: 25.410 Thread 0x000001f1fd65a000  321       3       jdk.internal.org.objectweb.asm.Type::getType (269 bytes)
Event: 25.411 Thread 0x000001f1fd65a000 nmethod 321 0x000001f1801ac590 code [0x000001f1801ac780, 0x000001f1801ad078]
Event: 25.411 Thread 0x000001f1fd65a000  314       3       jdk.internal.org.objectweb.asm.Frame::execute (2252 bytes)
Event: 25.412 Thread 0x000001f1fd5f7000  327       4       jdk.internal.org.objectweb.asm.ByteVector::putUTF8 (142 bytes)

GC Heap History (0 events):
No events

Deoptimization events (0 events):
No events

Classes redefined (0 events):
No events

Internal exceptions (10 events):
Event: 0.555 Thread 0x000001f1f82b4000 Exception <a 'java/lang/ClassNotFoundException': org/apache/log4j/RollingFileAppenderBeanInfo> (0x00000000eaeafa68) thrown at [C:\jenkins\workspace\8-2-build-windows-amd64-cygwin\jdk8u301\1513\hotspot\src\share\vm\classfile\systemDictionary.cpp, line 212]
Event: 0.556 Thread 0x000001f1f82b4000 Exception <a 'java/lang/ClassNotFoundException': org/apache/log4j/FileAppenderBeanInfo> (0x00000000eaeb3198) thrown at [C:\jenkins\workspace\8-2-build-windows-amd64-cygwin\jdk8u301\1513\hotspot\src\share\vm\classfile\systemDictionary.cpp, line 212]
Event: 0.557 Thread 0x000001f1f82b4000 Exception <a 'java/lang/ClassNotFoundException': org/apache/log4j/WriterAppenderBeanInfo> (0x00000000eaeb6b40) thrown at [C:\jenkins\workspace\8-2-build-windows-amd64-cygwin\jdk8u301\1513\hotspot\src\share\vm\classfile\systemDictionary.cpp, line 212]
Event: 0.557 Thread 0x000001f1f82b4000 Exception <a 'java/lang/ClassNotFoundException': org/apache/log4j/AppenderSkeletonBeanInfo> (0x00000000eaebab80) thrown at [C:\jenkins\workspace\8-2-build-windows-amd64-cygwin\jdk8u301\1513\hotspot\src\share\vm\classfile\systemDictionary.cpp, line 212]
Event: 0.558 Thread 0x000001f1f82b4000 Exception <a 'java/lang/ClassNotFoundException': org/apache/log4j/AppenderSkeletonCustomizer> (0x00000000eaebec18) thrown at [C:\jenkins\workspace\8-2-build-windows-amd64-cygwin\jdk8u301\1513\hotspot\src\share\vm\classfile\systemDictionary.cpp, line 212]
Event: 0.562 Thread 0x000001f1f82b4000 Exception <a 'java/lang/ClassNotFoundException': org/apache/log4j/WriterAppenderCustomizer> (0x00000000eaed53a0) thrown at [C:\jenkins\workspace\8-2-build-windows-amd64-cygwin\jdk8u301\1513\hotspot\src\share\vm\classfile\systemDictionary.cpp, line 212]
Event: 0.568 Thread 0x000001f1f82b4000 Exception <a 'java/lang/ClassNotFoundException': org/apache/log4j/FileAppenderCustomizer> (0x00000000eaee51f0) thrown at [C:\jenkins\workspace\8-2-build-windows-amd64-cygwin\jdk8u301\1513\hotspot\src\share\vm\classfile\systemDictionary.cpp, line 212]
Event: 0.583 Thread 0x000001f1f82b4000 Exception <a 'java/lang/ClassNotFoundException': org/apache/log4j/RollingFileAppenderCustomizer> (0x00000000eaef5638) thrown at [C:\jenkins\workspace\8-2-build-windows-amd64-cygwin\jdk8u301\1513\hotspot\src\share\vm\classfile\systemDictionary.cpp, line 21
Event: 25.413 Thread 0x000001f1f82b4000 Exception <a 'java/lang/NoSuchFieldError': method resolution failed> (0x00000000eb0243d8) thrown at [C:\jenkins\workspace\8-2-build-windows-amd64-cygwin\jdk8u301\1513\hotspot\src\share\vm\prims\methodHandles.cpp, line 1169]
Event: 25.416 Thread 0x000001f1f82b4000 Exception <a 'java/lang/NoSuchFieldError': method resolution failed> (0x00000000eb031758) thrown at [C:\jenkins\workspace\8-2-build-windows-amd64-cygwin\jdk8u301\1513\hotspot\src\share\vm\prims\methodHandles.cpp, line 1169]

Events (10 events):
Event: 25.381 loading class java/lang/invoke/MethodHandleImpl$IntrinsicMethodHandle
Event: 25.381 loading class java/lang/invoke/MethodHandleImpl$IntrinsicMethodHandle done
Event: 25.413 loading class java/lang/NoSuchFieldError
Event: 25.413 loading class java/lang/NoSuchFieldError done
Event: 25.419 loading class java/lang/invoke/LambdaFormEditor
Event: 25.419 loading class java/lang/invoke/LambdaFormEditor done
Event: 25.420 loading class java/lang/invoke/LambdaFormEditor$Transform$Kind
Event: 25.420 loading class java/lang/invoke/LambdaFormEditor$Transform$Kind done
Event: 25.420 loading class java/lang/invoke/LambdaFormEditor$Transform
Event: 25.420 loading class java/lang/invoke/LambdaFormEditor$Transform done


Dynamic libraries:
0x00007ff712250000 - 0x00007ff712297000 	C:\Program Files\Java\jdk1.8.0_301\bin\javaw.exe
0x00007ffbec820000 - 0x00007ffbeca10000 	C:\WINDOWS\SYSTEM32\ntdll.dll
0x00007ffbea950000 - 0x00007ffbeaa02000 	C:\WINDOWS\System32\KERNEL32.DLL
0x00007ffbea620000 - 0x00007ffbea8c5000 	C:\WINDOWS\System32\KERNELBASE.dll
0x00007ffbebff0000 - 0x00007ffbec093000 	C:\WINDOWS\System32\ADVAPI32.dll
0x00007ffbec170000 - 0x00007ffbec20e000 	C:\WINDOWS\System32\msvcrt.dll
0x00007ffbeaf30000 - 0x00007ffbeafc7000 	C:\WINDOWS\System32\sechost.dll
0x00007ffbeaa10000 - 0x00007ffbeab2f000 	C:\WINDOWS\System32\RPCRT4.dll
0x00007ffbeafe0000 - 0x00007ffbeb174000 	C:\WINDOWS\System32\USER32.dll
0x00007ffbe9860000 - 0x00007ffbe9881000 	C:\WINDOWS\System32\win32u.dll
0x00007ffbeab30000 - 0x00007ffbeab56000 	C:\WINDOWS\System32\GDI32.dll
0x00007ffbe9b20000 - 0x00007ffbe9cb8000 	C:\WINDOWS\System32\gdi32full.dll
0x00007ffbe99f0000 - 0x00007ffbe9a8e000 	C:\WINDOWS\System32\msvcp_win.dll
0x00007ffbe9890000 - 0x00007ffbe998a000 	C:\WINDOWS\System32\ucrtbase.dll
0x00007ffbd8f20000 - 0x00007ffbd91a4000 	C:\WINDOWS\WinSxS\amd64_microsoft.windows.common-controls_6595b64144ccf1df_6.0.18362.1440_none_9e7dbfb9e45e8e67\COMCTL32.dll
0x00007ffbec350000 - 0x00007ffbec686000 	C:\WINDOWS\System32\combase.dll
0x00007ffbe9a90000 - 0x00007ffbe9b11000 	C:\WINDOWS\System32\bcryptPrimitives.dll
0x00007ffbeab60000 - 0x00007ffbeab8e000 	C:\WINDOWS\System32\IMM32.DLL
0x00007ffbd2530000 - 0x00007ffbd2545000 	C:\Program Files\Java\jdk1.8.0_301\jre\bin\vcruntime140.dll
0x00007ffbd1800000 - 0x00007ffbd189b000 	C:\Program Files\Java\jdk1.8.0_301\jre\bin\msvcp140.dll
0x0000000069900000 - 0x000000006a160000 	C:\Program Files\Java\jdk1.8.0_301\jre\bin\server\jvm.dll
0x00007ffbeb660000 - 0x00007ffbeb668000 	C:\WINDOWS\System32\PSAPI.DLL
0x00007ffbe6030000 - 0x00007ffbe6039000 	C:\WINDOWS\SYSTEM32\WSOCK32.dll
0x00007ffbeb5f0000 - 0x00007ffbeb65f000 	C:\WINDOWS\System32\WS2_32.dll
0x00007ffbe76f0000 - 0x00007ffbe7714000 	C:\WINDOWS\SYSTEM32\WINMM.dll
0x00007ffbe2960000 - 0x00007ffbe296a000 	C:\WINDOWS\SYSTEM32\VERSION.dll
0x00007ffbe7350000 - 0x00007ffbe737d000 	C:\WINDOWS\SYSTEM32\WINMMBASE.dll
0x00007ffbe9cc0000 - 0x00007ffbe9d0a000 	C:\WINDOWS\System32\cfgmgr32.dll
0x00007ffbe96e0000 - 0x00007ffbe96f1000 	C:\WINDOWS\System32\kernel.appcore.dll
0x00007ffbe5100000 - 0x00007ffbe5110000 	C:\Program Files\Java\jdk1.8.0_301\jre\bin\verify.dll
0x00007ffbd2500000 - 0x00007ffbd252b000 	C:\Program Files\Java\jdk1.8.0_301\jre\bin\java.dll
0x00007ffbd24e0000 - 0x00007ffbd24f8000 	C:\Program Files\Java\jdk1.8.0_301\jre\bin\zip.dll
0x00007ffbeb820000 - 0x00007ffbebf08000 	C:\WINDOWS\System32\SHELL32.dll
0x00007ffbebf10000 - 0x00007ffbebfb7000 	C:\WINDOWS\System32\shcore.dll
0x00007ffbe9d40000 - 0x00007ffbea4bb000 	C:\WINDOWS\System32\windows.storage.dll
0x00007ffbe9750000 - 0x00007ffbe976e000 	C:\WINDOWS\System32\profapi.dll
0x00007ffbe9700000 - 0x00007ffbe974a000 	C:\WINDOWS\System32\powrprof.dll
0x00007ffbe96d0000 - 0x00007ffbe96e0000 	C:\WINDOWS\System32\UMPDC.dll
0x00007ffbeaed0000 - 0x00007ffbeaf22000 	C:\WINDOWS\System32\shlwapi.dll
0x00007ffbe9790000 - 0x00007ffbe97a7000 	C:\WINDOWS\System32\cryptsp.dll
0x00007ffbd9440000 - 0x00007ffbd9634000 	C:\WINDOWS\SYSTEM32\dbghelp.dll
0x00007ffbd17e0000 - 0x00007ffbd17fc000 	C:\Program Files\Java\jdk1.8.0_301\jre\bin\net.dll
0x00007ffbe8f10000 - 0x00007ffbe8f77000 	C:\WINDOWS\system32\mswsock.dll
0x00007ffbe8c60000 - 0x00007ffbe8d2b000 	C:\WINDOWS\SYSTEM32\DNSAPI.dll
0x00007ffbebfc0000 - 0x00007ffbebfc8000 	C:\WINDOWS\System32\NSI.dll
0x00007ffbe8c20000 - 0x00007ffbe8c5a000 	C:\WINDOWS\SYSTEM32\IPHLPAPI.DLL
0x00007ffbdf410000 - 0x00007ffbdf41a000 	C:\Windows\System32\rasadhlp.dll
0x00007ffbdfb70000 - 0x00007ffbdfbe7000 	C:\WINDOWS\System32\fwpuclnt.dll
0x00007ffbe9d10000 - 0x00007ffbe9d36000 	C:\WINDOWS\System32\bcrypt.dll
0x00007ffbd2480000 - 0x00007ffbd24a4000 	C:\Program Files\Java\jdk1.8.0_301\jre\bin\sunec.dll
0x00007ffbdf6f0000 - 0x00007ffbdf706000 	C:\WINDOWS\SYSTEM32\dhcpcsvc6.DLL
0x00007ffbdf9b0000 - 0x00007ffbdf9cc000 	C:\WINDOWS\SYSTEM32\dhcpcsvc.DLL
0x00007ffbc9b50000 - 0x00007ffbc9b63000 	C:\Program Files\Java\jdk1.8.0_301\jre\bin\nio.dll

VM Arguments:
jvm_args: -Dfile.encoding=Cp1252 
java_command: com.app.Main
java_class_path (initial): C:\Users\happiness\Desktop\Alpha_Shopping_App\AlphaShopping\target\classes;C:\Users\happiness\.m2\repository\mysql\mysql-connector-java\8.0.18\mysql-connector-java-8.0.18.jar;C:\Users\happiness\.m2\repository\com\google\protobuf\protobuf-java\3.6.1\protobuf-java-3.6.1.jar;C:\Users\happiness\.m2\repository\log4j\log4j\1.2.17\log4j-1.2.17.jar
Launcher Type: SUN_STANDARD

Environment Variables:
PATH=C:/Program Files/Java/jre1.8.0_301/bin/server;C:/Program Files/Java/jre1.8.0_301/bin;C:/Program Files/Java/jre1.8.0_301/lib/amd64;C:\Program Files (x86)\Common Files\Oracle\Java\javapath;C:\Windows\system32;C:\Windows;C:\Windows\System32\Wbem;C:\Windows\System32\WindowsPowerShell\v1.0\;C:\Program Files (x86)\ATI Technologies\ATI.ACE\Core-Static;C:\Users\happiness\AppData\Local\Microsoft\WindowsApps;C:\adb;C:\WINDOWS\system32;C:\WINDOWS;C:\WINDOWS\System32\Wbem;C:\WINDOWS\System32\WindowsPowerShell\v1.0\;C:\WINDOWS\System32\OpenSSH\;C:\MinGW\bin;C:\Program Files\Git\cmd;C:\Program Files\Git\mingw64\bin;C:\Program Files\Git\usr\bin;C:\Program Files\MySQL\MySQL Shell 8.0\bin\;C:\Program Files\Java\jdk-9.0.1\bin;C:\Program Files\JetBrains\PyCharm Community Edition 2018.3.1\bin;;C:\Users\happiness\AppData\Local\Microsoft\WindowsApps;;C:\Users\happiness\AppData\Local\Programs\Microsoft VS Code\bin;C:\Users\happiness\Downloads\sts-4.6.2.RELEASE;
USERNAME=happiness
OS=Windows_NT
PROCESSOR_IDENTIFIER=Intel64 Family 6 Model 42 Stepping 7, GenuineIntel



---------------  S Y S T E M  ---------------

OS: Windows 10.0 , 64 bit Build 18362 (10.0.18362.1350)

CPU:total 4 (initial active 4) (2 cores per cpu, 2 threads per core) family 6 model 42 stepping 7, cmov, cx8, fxsr, mmx, sse, sse2, sse3, ssse3, sse4.1, sse4.2, popcnt, avx, aes, clmul, ht, tsc, tscinvbit

Memory: 4k page, physical 4175724k(696708k free), swap 16758636k(232752k free)

vm_info: Java HotSpot(TM) 64-Bit Server VM (25.301-b09) for windows-amd64 JRE (1.8.0_301-b09), built on Jun  9 2021 06:46:21 by "java_re" with MS VC++ 15.9 (VS2017)

time: Fri Aug 20 02:18:41 2021
timezone: India Standard Time
elapsed time: 26.519507 seconds (0d 0h 0m 26s)

